# JRE version: Java(TM) SE Runtime Environment (8.0_211-b12) (build 1.8.0_211-b12)
# Java VM: Java HotSpot(TM) 64-Bit Server VM (25.211-b12 mixed mode bsd-amd64 compressed oops)
Heap:
 PSYoungGen      total 344064K, used 12084K [0x000000076ab00000, 0x0000000789600000, 0x00000007c0000000)
  eden space 311296K, 3% used [0x000000076ab00000,0x000000076b6cd120,0x000000077db00000)
  from space 32768K, 0% used [0x000000077db00000,0x000000077db00000,0x000000077fb00000)
  to   space 40448K, 0% used [0x0000000786e80000,0x0000000786e80000,0x0000000789600000)
 ParOldGen       total 254976K, used 82943K [0x00000006c0000000, 0x00000006cf900000, 0x000000076ab00000)
  object space 254976K, 32% used [0x00000006c0000000,0x00000006c50ffe38,0x00000006cf900000)
 Metaspace       used 57814K, capacity 59432K, committed 59776K, reserved 1101824K
  class space    used 7202K, capacity 7545K, committed 7552K, reserved 1048576K
GC Heap History (10 events):
Event: 2.629 GC heap before
{Heap before GC invocations=10 (full 1):
 PSYoungGen      total 242688K, used 242662K [0x000000076ab00000, 0x000000077bd80000, 0x00000007c0000000)
  eden space 225792K, 100% used [0x000000076ab00000,0x0000000778780000,0x0000000778780000)
  from space 16896K, 99% used [0x0000000779c80000,0x000000077acf9ae8,0x000000077ad00000)
  to   space 21504K, 0% used [0x0000000778780000,0x0000000778780000,0x0000000779c80000)
 ParOldGen       total 102912K, used 17767K [0x00000006c0000000, 0x00000006c6480000, 0x000000076ab00000)
  object space 102912K, 17% used [0x00000006c0000000,0x00000006c1159f68,0x00000006c6480000)
 Metaspace       used 32580K, capacity 34188K, committed 34432K, reserved 1079296K
  class space    used 4353K, capacity 4676K, committed 4736K, reserved 1048576K
Event: 2.643 GC heap after
Heap after GC invocations=10 (full 1):
 PSYoungGen      total 247296K, used 21472K [0x000000076ab00000, 0x0000000781580000, 0x00000007c0000000)
  eden space 225792K, 0% used [0x000000076ab00000,0x000000076ab00000,0x0000000778780000)
  from space 21504K, 99% used [0x0000000778780000,0x0000000779c78068,0x0000000779c80000)
  to   space 27136K, 0% used [0x000000077fb00000,0x000000077fb00000,0x0000000781580000)
 ParOldGen       total 102912K, used 24918K [0x00000006c0000000, 0x00000006c6480000, 0x000000076ab00000)
  object space 102912K, 24% used [0x00000006c0000000,0x00000006c1855a58,0x00000006c6480000)
 Metaspace       used 32580K, capacity 34188K, committed 34432K, reserved 1079296K
  class space    used 4353K, capacity 4676K, committed 4736K, reserved 1048576K
}
Event: 2.839 GC heap before
{Heap before GC invocations=11 (full 1):
 PSYoungGen      total 247296K, used 213084K [0x000000076ab00000, 0x0000000781580000, 0x00000007c0000000)
  eden space 225792K, 84% used [0x000000076ab00000,0x000000077661f350,0x0000000778780000)
  from space 21504K, 99% used [0x0000000778780000,0x0000000779c78068,0x0000000779c80000)
  to   space 27136K, 0% used [0x000000077fb00000,0x000000077fb00000,0x0000000781580000)
 ParOldGen       total 102912K, used 24918K [0x00000006c0000000, 0x00000006c6480000, 0x000000076ab00000)
  object space 102912K, 24% used [0x00000006c0000000,0x00000006c1855a58,0x00000006c6480000)
 Metaspace       used 33757K, capacity 35382K, committed 35496K, reserved 1079296K
  class space    used 4452K, capacity 4773K, committed 4864K, reserved 1048576K
Event: 2.855 GC heap after
Heap after GC invocations=11 (full 1):
 PSYoungGen      total 338432K, used 27136K [0x000000076ab00000, 0x0000000782580000, 0x00000007c0000000)
  eden space 311296K, 0% used [0x000000076ab00000,0x000000076ab00000,0x000000077db00000)
  from space 27136K, 100% used [0x000000077fb00000,0x0000000781580000,0x0000000781580000)
  to   space 32768K, 0% used [0x000000077db00000,0x000000077db00000,0x000000077fb00000)
 ParOldGen       total 102912K, used 29051K [0x00000006c0000000, 0x00000006c6480000, 0x000000076ab00000)
  object space 102912K, 28% used [0x00000006c0000000,0x00000006c1c5ede8,0x00000006c6480000)
 Metaspace       used 33757K, capacity 35382K, committed 35496K, reserved 1079296K
  class space    used 4452K, capacity 4773K, committed 4864K, reserved 1048576K
}
Event: 2.855 GC heap before
{Heap before GC invocations=12 (full 2):
 PSYoungGen      total 338432K, used 27136K [0x000000076ab00000, 0x0000000782580000, 0x00000007c0000000)
  eden space 311296K, 0% used [0x000000076ab00000,0x000000076ab00000,0x000000077db00000)
  from space 27136K, 100% used [0x000000077fb00000,0x0000000781580000,0x0000000781580000)
  to   space 32768K, 0% used [0x000000077db00000,0x000000077db00000,0x000000077fb00000)
 ParOldGen       total 102912K, used 29051K [0x00000006c0000000, 0x00000006c6480000, 0x000000076ab00000)
  object space 102912K, 28% used [0x00000006c0000000,0x00000006c1c5ede8,0x00000006c6480000)
 Metaspace       used 33757K, capacity 35382K, committed 35496K, reserved 1079296K
  class space    used 4452K, capacity 4773K, committed 4864K, reserved 1048576K
Event: 2.926 GC heap after
Heap after GC invocations=12 (full 2):
 PSYoungGen      total 338432K, used 0K [0x000000076ab00000, 0x0000000782580000, 0x00000007c0000000)
  eden space 311296K, 0% used [0x000000076ab00000,0x000000076ab00000,0x000000077db00000)
  from space 27136K, 0% used [0x000000077fb00000,0x000000077fb00000,0x0000000781580000)
  to   space 32768K, 0% used [0x000000077db00000,0x000000077db00000,0x000000077fb00000)
 ParOldGen       total 181760K, used 45796K [0x00000006c0000000, 0x00000006cb180000, 0x000000076ab00000)
  object space 181760K, 25% used [0x00000006c0000000,0x00000006c2cb9138,0x00000006cb180000)
 Metaspace       used 33757K, capacity 35382K, committed 35496K, reserved 1079296K
  class space    used 4452K, capacity 4773K, committed 4864K, reserved 1048576K
}
Event: 6.947 GC heap before
{Heap before GC invocations=13 (full 2):
 PSYoungGen      total 338432K, used 258807K [0x000000076ab00000, 0x0000000782580000, 0x00000007c0000000)
  eden space 311296K, 83% used [0x000000076ab00000,0x000000077a7bdf18,0x000000077db00000)
  from space 27136K, 0% used [0x000000077fb00000,0x000000077fb00000,0x0000000781580000)
  to   space 32768K, 0% used [0x000000077db00000,0x000000077db00000,0x000000077fb00000)
 ParOldGen       total 181760K, used 45796K [0x00000006c0000000, 0x00000006cb180000, 0x000000076ab00000)
  object space 181760K, 25% used [0x00000006c0000000,0x00000006c2cb9138,0x00000006cb180000)
 Metaspace       used 57208K, capacity 58862K, committed 59136K, reserved 1101824K
  class space    used 7100K, capacity 7420K, committed 7424K, reserved 1048576K
Event: 6.972 GC heap after
Heap after GC invocations=13 (full 2):
 PSYoungGen      total 344064K, used 32754K [0x000000076ab00000, 0x0000000789600000, 0x00000007c0000000)
  eden space 311296K, 0% used [0x000000076ab00000,0x000000076ab00000,0x000000077db00000)
  from space 32768K, 99% used [0x000000077db00000,0x000000077fafcb48,0x000000077fb00000)
  to   space 40448K, 0% used [0x0000000786e80000,0x0000000786e80000,0x0000000789600000)
 ParOldGen       total 181760K, used 52857K [0x00000006c0000000, 0x00000006cb180000, 0x000000076ab00000)
  object space 181760K, 29% used [0x00000006c0000000,0x00000006c339e418,0x00000006cb180000)
 Metaspace       used 57208K, capacity 58862K, committed 59136K, reserved 1101824K
  class space    used 7100K, capacity 7420K, committed 7424K, reserved 1048576K
}
Event: 6.972 GC heap before
{Heap before GC invocations=14 (full 3):
 PSYoungGen      total 344064K, used 32754K [0x000000076ab00000, 0x0000000789600000, 0x00000007c0000000)
  eden space 311296K, 0% used [0x000000076ab00000,0x000000076ab00000,0x000000077db00000)
  from space 32768K, 99% used [0x000000077db00000,0x000000077fafcb48,0x000000077fb00000)
  to   space 40448K, 0% used [0x0000000786e80000,0x0000000786e80000,0x0000000789600000)
 ParOldGen       total 181760K, used 52857K [0x00000006c0000000, 0x00000006cb180000, 0x000000076ab00000)
  object space 181760K, 29% used [0x00000006c0000000,0x00000006c339e418,0x00000006cb180000)
 Metaspace       used 57208K, capacity 58862K, committed 59136K, reserved 1101824K
  class space    used 7100K, capacity 7420K, committed 7424K, reserved 1048576K
Event: 7.137 GC heap after
Heap after GC invocations=14 (full 3):
 PSYoungGen      total 344064K, used 0K [0x000000076ab00000, 0x0000000789600000, 0x00000007c0000000)
  eden space 311296K, 0% used [0x000000076ab00000,0x000000076ab00000,0x000000077db00000)
  from space 32768K, 0% used [0x000000077db00000,0x000000077db00000,0x000000077fb00000)
  to   space 40448K, 0% used [0x0000000786e80000,0x0000000786e80000,0x0000000789600000)
 ParOldGen       total 254976K, used 82943K [0x00000006c0000000, 0x00000006cf900000, 0x000000076ab00000)
  object space 254976K, 32% used [0x00000006c0000000,0x00000006c50ffe38,0x00000006cf900000)
 Metaspace       used 57208K, capacity 58862K, committed 59136K, reserved 1101824K
  class space    used 7100K, capacity 7420K, committed 7424K, reserved 1048576K
}

